<?xml version="1.0" encoding="UTF-8"?>
<!-- Generated by org.testng.reporters.JUnitReportReporter -->
<testsuite hostname="LAPTOP-VNBA3OG5" failures="0" tests="3" name="CountOccuranceOfEachWord.CountOccOfEachWord" time="0.025" errors="0" timestamp="2021-10-18T10:06:47 CDT" skipped="0">
  <testcase classname="CountOccuranceOfEachWord.CountOccOfEachWord" name="test2" time="0.003"/>
  <system-out/>
  <testcase classname="CountOccuranceOfEachWord.CountOccOfEachWord" name="test1" time="0.019"/>
  <system-out/>
  <testcase classname="CountOccuranceOfEachWord.CountOccOfEachWord" name="test3" time="0.003"/>
  <system-out/>
</testsuite> <!-- CountOccuranceOfEachWord.CountOccOfEachWord -->
